<?xml version="1.0" encoding="UTF-8"?>
<testng-results skipped="0" failed="0" total="1" passed="1">
  <reporter-output>
  </reporter-output>
  <suite name="Default suite" duration-ms="15977" started-at="2018-09-10T18:14:09Z" finished-at="2018-09-10T18:14:25Z">
    <groups>
    </groups>
    <test name="Default test" duration-ms="15977" started-at="2018-09-10T18:14:09Z" finished-at="2018-09-10T18:14:25Z">
      <class name="com.learn.selenium.DemoForMaven">
        <test-method status="PASS" signature="sample()[pri:0, instance:com.learn.selenium.DemoForMaven@653222]" name="sample" duration-ms="15863" started-at="2018-09-10T23:44:09Z" finished-at="2018-09-10T23:44:25Z">
          <reporter-output>
          </reporter-output>
        </test-method> <!-- sample -->
      </class> <!-- com.learn.selenium.DemoForMaven -->
    </test> <!-- Default test -->
  </suite> <!-- Default suite -->
</testng-results>
